<?xml version="1.0" encoding="UTF-8"?>
<!-- Generated by org.testng.reporters.JUnitXMLReporter -->
<testsuite ignored="0" hostname="DESKTOP-DQ44AN0" failures="1" tests="2" name="UnitTesting" time="50.156" errors="0" timestamp="12 Oct 2018 15:33:53 GMT">
  <testcase classname="com.org.webamazon.test.Amazon_BookPageTest" name="verifyBookDeatails" time="5.502"/>
  <testcase classname="com.org.webamazon.test.Amazon_BookPageTest" name="verifyBookDeatails" time="4.579">
    <failure type="java.lang.AssertionError" message="expected [Book details should be correct] but found [Book details configurations are incorrect]">
      <![CDATA[java.lang.AssertionError: expected [Book details should be correct] but found [Book details configurations are incorrect]
at com.org.webamazon.test.Amazon_BookPageTest.verifyBookDeatails(Amazon_BookPageTest.java:110)
... Removed 31 stack frames]]>
    </failure>
  </testcase> <!-- verifyBookDeatails -->
</testsuite> <!-- UnitTesting -->
