<?xml version="1.0" encoding="UTF-8"?>
<testng-results ignored="0" total="2" passed="1" failed="1" skipped="0">
  <reporter-output>
  </reporter-output>
  <suite started-at="2018-10-12T15:33:02Z" name="Suite1" finished-at="2018-10-12T15:33:52Z" duration-ms="50156">
    <groups>
    </groups>
    <test started-at="2018-10-12T15:33:02Z" name="UnitTesting" finished-at="2018-10-12T15:33:52Z" duration-ms="50156">
      <class name="com.org.webamazon.test.Amazon_BookPageTest">
        <test-method is-config="true" signature="setup()[pri:0, instance:com.org.webamazon.test.Amazon_BookPageTest@a4b2d8f]" started-at="2018-10-12T15:32:57Z" name="setup" finished-at="2018-10-12T15:33:02Z" duration-ms="5158" status="PASS">
          <reporter-output>
          </reporter-output>
        </test-method> <!-- setup -->
        <test-method is-config="true" signature="beforetest()[pri:0, instance:com.org.webamazon.test.Amazon_BookPageTest@a4b2d8f]" started-at="2018-10-12T15:33:02Z" name="beforetest" finished-at="2018-10-12T15:33:14Z" duration-ms="11591" status="PASS">
          <reporter-output>
          </reporter-output>
        </test-method> <!-- beforetest -->
        <test-method is-config="true" signature="beforeClass()[pri:0, instance:com.org.webamazon.test.Amazon_BookPageTest@a4b2d8f]" started-at="2018-10-12T15:33:14Z" name="beforeClass" finished-at="2018-10-12T15:33:14Z" duration-ms="0" status="PASS">
          <reporter-output>
          </reporter-output>
        </test-method> <!-- beforeClass -->
        <test-method is-config="true" signature="beforemethod()[pri:0, instance:com.org.webamazon.test.Amazon_BookPageTest@a4b2d8f]" started-at="2018-10-12T15:33:14Z" name="beforemethod" finished-at="2018-10-12T15:33:23Z" duration-ms="8682" status="PASS">
          <reporter-output>
          </reporter-output>
        </test-method> <!-- beforemethod -->
        <test-method signature="verifyBookDeatails(java.util.Hashtable)[pri:0, instance:com.org.webamazon.test.Amazon_BookPageTest@a4b2d8f]" started-at="2018-10-12T15:33:23Z" name="verifyBookDeatails" data-provider="bookinfo" finished-at="2018-10-12T15:33:28Z" duration-ms="5502" status="PASS">
          <params>
            <param index="0">
              <value>
                <![CDATA[{IBSN=978-0128023075, Search Key=data catalog, Edition=1st Edition, Paper Back=$47.35 - $56.50, Kindle Price=$44.49, Book Name=The Data and Analytics Playbook: Proven Methods for Governed Data and Analytic Quality, Author 2=Gregory Lampshire, Author 1=Lowell Fryman}]]>
              </value>
            </param>
          </params>
          <reporter-output>
          </reporter-output>
        </test-method> <!-- verifyBookDeatails -->
        <test-method is-config="true" signature="aftermethod(org.testng.ITestResult)[pri:0, instance:com.org.webamazon.test.Amazon_BookPageTest@a4b2d8f]" started-at="2018-10-12T15:33:28Z" name="aftermethod" finished-at="2018-10-12T15:33:32Z" duration-ms="3624" status="PASS">
          <params>
            <param index="0">
              <value>
                <![CDATA[[TestResult name=verifyBookDeatails status=SUCCESS method=Amazon_BookPageTest.verifyBookDeatails(java.util.Hashtable)[pri:0, instance:com.org.webamazon.test.Amazon_BookPageTest@a4b2d8f] output={null}]]]>
              </value>
            </param>
          </params>
          <reporter-output>
          </reporter-output>
        </test-method> <!-- aftermethod -->
        <test-method is-config="true" signature="beforemethod()[pri:0, instance:com.org.webamazon.test.Amazon_BookPageTest@a4b2d8f]" started-at="2018-10-12T15:33:32Z" name="beforemethod" finished-at="2018-10-12T15:33:40Z" duration-ms="8029" status="PASS">
          <reporter-output>
          </reporter-output>
        </test-method> <!-- beforemethod -->
        <test-method signature="verifyBookDeatails(java.util.Hashtable)[pri:0, instance:com.org.webamazon.test.Amazon_BookPageTest@a4b2d8f]" started-at="2018-10-12T15:33:40Z" name="verifyBookDeatails" data-provider="bookinfo" finished-at="2018-10-12T15:33:44Z" duration-ms="4579" status="FAIL">
          <params>
            <param index="0">
              <value>
                <![CDATA[{IBSN=978-0128023070, Search Key=data catalog, Edition=2st Edition, Paper Back=$47.35 - $56.50, Kindle Price=$46.49, Book Name=The Data and Analytics Playbook: Proven Methods for Governed Data and Analytic Quality, Author 2=Gregory Lampshire, Author 1=Unknown}]]>
              </value>
            </param>
          </params>
          <exception class="java.lang.AssertionError">
            <message>
              <![CDATA[expected [Book details should be correct] but found [Book details configurations are incorrect]]]>
            </message>
            <full-stacktrace>
              <![CDATA[java.lang.AssertionError: expected [Book details should be correct] but found [Book details configurations are incorrect]
at org.testng.Assert.fail(Assert.java:96)
at org.testng.Assert.failNotEquals(Assert.java:776)
at org.testng.Assert.assertEqualsImpl(Assert.java:137)
at org.testng.Assert.assertEquals(Assert.java:118)
at org.testng.Assert.assertEquals(Assert.java:453)
at org.testng.Assert.assertEquals(Assert.java:463)
at com.org.webamazon.test.Amazon_BookPageTest.verifyBookDeatails(Amazon_BookPageTest.java:110)
at java.base/jdk.internal.reflect.NativeMethodAccessorImpl.invoke0(Native Method)
at java.base/jdk.internal.reflect.NativeMethodAccessorImpl.invoke(Unknown Source)
at java.base/jdk.internal.reflect.DelegatingMethodAccessorImpl.invoke(Unknown Source)
at java.base/java.lang.reflect.Method.invoke(Unknown Source)
at org.testng.internal.MethodInvocationHelper.invokeMethod(MethodInvocationHelper.java:124)
at org.testng.internal.Invoker.invokeMethod(Invoker.java:580)
at org.testng.internal.Invoker.invokeTestMethod(Invoker.java:716)
at org.testng.internal.Invoker.invokeTestMethods(Invoker.java:988)
at org.testng.internal.TestMethodWorker.invokeTestMethods(TestMethodWorker.java:125)
at org.testng.internal.TestMethodWorker.run(TestMethodWorker.java:109)
at org.testng.TestRunner.privateRun(TestRunner.java:648)
at org.testng.TestRunner.run(TestRunner.java:505)
at org.testng.SuiteRunner.runTest(SuiteRunner.java:455)
at org.testng.SuiteRunner.runSequentially(SuiteRunner.java:450)
at org.testng.SuiteRunner.privateRun(SuiteRunner.java:415)
at org.testng.SuiteRunner.run(SuiteRunner.java:364)
at org.testng.SuiteRunnerWorker.runSuite(SuiteRunnerWorker.java:52)
at org.testng.SuiteRunnerWorker.run(SuiteRunnerWorker.java:84)
at org.testng.TestNG.runSuitesSequentially(TestNG.java:1208)
at org.testng.TestNG.runSuitesLocally(TestNG.java:1137)
at org.testng.TestNG.runSuites(TestNG.java:1049)
at org.testng.TestNG.run(TestNG.java:1017)
at org.testng.remote.AbstractRemoteTestNG.run(AbstractRemoteTestNG.java:114)
at org.testng.remote.RemoteTestNG.initAndRun(RemoteTestNG.java:251)
at org.testng.remote.RemoteTestNG.main(RemoteTestNG.java:77)
]]>
            </full-stacktrace>
          </exception> <!-- java.lang.AssertionError -->
          <reporter-output>
          </reporter-output>
        </test-method> <!-- verifyBookDeatails -->
        <test-method is-config="true" signature="aftermethod(org.testng.ITestResult)[pri:0, instance:com.org.webamazon.test.Amazon_BookPageTest@a4b2d8f]" started-at="2018-10-12T15:33:45Z" name="aftermethod" finished-at="2018-10-12T15:33:48Z" duration-ms="2956" status="PASS">
          <params>
            <param index="0">
              <value>
                <![CDATA[[TestResult name=verifyBookDeatails status=FAILURE method=Amazon_BookPageTest.verifyBookDeatails(java.util.Hashtable)[pri:0, instance:com.org.webamazon.test.Amazon_BookPageTest@a4b2d8f] output={null}]]]>
              </value>
            </param>
          </params>
          <reporter-output>
          </reporter-output>
        </test-method> <!-- aftermethod -->
        <test-method is-config="true" signature="afterClass()[pri:0, instance:com.org.webamazon.test.Amazon_BookPageTest@a4b2d8f]" started-at="2018-10-12T15:33:48Z" name="afterClass" finished-at="2018-10-12T15:33:48Z" duration-ms="1" status="PASS">
          <reporter-output>
          </reporter-output>
        </test-method> <!-- afterClass -->
        <test-method is-config="true" signature="aftertest()[pri:0, instance:com.org.webamazon.test.Amazon_BookPageTest@a4b2d8f]" started-at="2018-10-12T15:33:48Z" name="aftertest" finished-at="2018-10-12T15:33:52Z" duration-ms="4581" status="PASS">
          <reporter-output>
          </reporter-output>
        </test-method> <!-- aftertest -->
        <test-method is-config="true" signature="teardown()[pri:0, instance:com.org.webamazon.test.Amazon_BookPageTest@a4b2d8f]" started-at="2018-10-12T15:33:53Z" name="teardown" finished-at="2018-10-12T15:33:56Z" duration-ms="3175" status="PASS">
          <reporter-output>
          </reporter-output>
        </test-method> <!-- teardown -->
      </class> <!-- com.org.webamazon.test.Amazon_BookPageTest -->
    </test> <!-- UnitTesting -->
  </suite> <!-- Suite1 -->
</testng-results>
